"raytracer.cpp", line 291: warning: variable "dd" was declared but never
          referenced
          float dd = 1.0;
                ^

"raytracer.cpp", line 690: warning: variable "pixel" was declared but never
          referenced
      Vec3f *image = new Vec3f[width * height], *pixel = image;
                                                 ^

"raytracer.cpp", line 824: warning: variable "runTime" was declared but never
          referenced
      double runTime = ((double)t)/ CLOCKS_PER_SEC;
             ^

mul_Vec3_Const(const Vec3<float> *, Vec3<float> *, float):
    111, Generating implicit acc routine seq
mul_Vec3_Vec3(const Vec3<float> *, const Vec3<float> *, Vec3<float> *):
    119, Generating implicit acc routine seq
dot_Vec3(const Vec3<float> *, const Vec3<float> *, float *):
    127, Generating implicit acc routine seq
sub_Vec3_Vec3(const Vec3<float> *, const Vec3<float> *, Vec3<float> *):
    134, Generating implicit acc routine seq
add_Vec3_Vec3(const Vec3<float> *, const Vec3<float> *, Vec3<float> *):
    143, Generating implicit acc routine seq
negate_Vec3(Vec3<float> *):
    167, Generating implicit acc routine seq
length2_Vec3(Vec3<float> *, float *):
    175, Generating implicit acc routine seq
normalize(Vec3<float> *):
    189, Generating implicit acc routine seq
intersect1(const Vec3<float> *, const Vec3<float> *, float *, float *, bool *, const Sphere *):
    262, Generating implicit acc routine seq
    265, Vec3<float>::Vec3() inlined, size=3 (inline) file raytracer.cpp (59)
mix(const float &, const float &, const float &):
    318, Generating implicit acc routine seq
trace(const Vec3<float> &, const Vec3<float> &, const std::vector<Sphere, std::allocator<Sphere>> &, const int &):
    342, Generating implicit acc routine seq
    347, std::vector<Sphere, std::allocator<Sphere>>::size() const inlined, size=3 (inline) file raytracer.cpp (533)
    347, Loop not vectorized/parallelized: contains call
    354, std::vector<Sphere, std::allocator<Sphere>>::operator [](unsigned long) const inlined, size=2 (inline) file raytracer.cpp (626)
    366, std::vector<Sphere, std::allocator<Sphere>>::operator [](unsigned long) const inlined, size=2 (inline) file raytracer.cpp (626)
    372, Vec3<float>::Vec3(float) inlined, size=3 (inline) file raytracer.cpp (60)
    382, Vec3<float>::Vec3(float) inlined, size=3 (inline) file raytracer.cpp (60)
    386, Vec3<float>::Vec3() inlined, size=3 (inline) file raytracer.cpp (59)
    387, Vec3<float>::Vec3() inlined, size=3 (inline) file raytracer.cpp (59)
    401, Vec3<float>::Vec3() inlined, size=3 (inline) file raytracer.cpp (59)
    446, Vec3<float>::Vec3() inlined, size=3 (inline) file raytracer.cpp (59)
    451, Vec3<float>::Vec3() inlined, size=3 (inline) file raytracer.cpp (59)
    462, Vec3<float>::Vec3() inlined, size=3 (inline) file raytracer.cpp (59)
    464, Vec3<float>::Vec3() inlined, size=3 (inline) file raytracer.cpp (59)
    501, Vec3<float>::Vec3(float) inlined, size=3 (inline) file raytracer.cpp (60)
    517, Vec3<float>::Vec3() inlined, size=3 (inline) file raytracer.cpp (59)
    518, Vec3<float>::Vec3() inlined, size=3 (inline) file raytracer.cpp (59)
    521, Vec3<float>::Vec3() inlined, size=3 (inline) file raytracer.cpp (59)
    533, Vec3<float>::Vec3() inlined, size=3 (inline) file raytracer.cpp (59)
    535, Vec3<float>::Vec3() inlined, size=3 (inline) file raytracer.cpp (59)
    568, Vec3<float>::Vec3() inlined, size=3 (inline) file raytracer.cpp (59)
    569, Vec3<float>::Vec3() inlined, size=3 (inline) file raytracer.cpp (59)
    570, Vec3<float>::Vec3() inlined, size=3 (inline) file raytracer.cpp (59)
    571, Vec3<float>::Vec3() inlined, size=3 (inline) file raytracer.cpp (59)
    572, Vec3<float>::Vec3() inlined, size=3 (inline) file raytracer.cpp (59)
    585, std::vector<Sphere, std::allocator<Sphere>>::size() const inlined, size=3 (inline) file raytracer.cpp (533)
    586, std::vector<Sphere, std::allocator<Sphere>>::operator [](unsigned long) const inlined, size=2 (inline) file raytracer.cpp (626)
    588, Vec3<float>::Vec3(float) inlined, size=3 (inline) file raytracer.cpp (60)
    593, Vec3<float>::Vec3() inlined, size=3 (inline) file raytracer.cpp (59)
    595, std::vector<Sphere, std::allocator<Sphere>>::operator [](unsigned long) const inlined, size=2 (inline) file raytracer.cpp (626)
    604, std::vector<Sphere, std::allocator<Sphere>>::size() const inlined, size=3 (inline) file raytracer.cpp (533)
    604, Loop not vectorized/parallelized: potential early exits
    609, Vec3<float>::Vec3() inlined, size=3 (inline) file raytracer.cpp (59)
    612, Vec3<float>::Vec3() inlined, size=3 (inline) file raytracer.cpp (59)
    619, Sphere::intersect(const Vec3<float> &, const Vec3<float> &, float &, float &) const inlined, size=15 (inline) file raytracer.cpp (232)
         235, Vec3<float>::Vec3() inlined, size=3 ( inline ) file raytracer.cpp (59)
    619, std::vector<Sphere, std::allocator<Sphere>>::operator [](unsigned long) const inlined, size=2 (inline) file raytracer.cpp (626)
    620, Vec3<float>::Vec3(float) inlined, size=3 (inline) file raytracer.cpp (60)
    642, Vec3<float>::Vec3() inlined, size=3 (inline) file raytracer.cpp (59)
    645, Vec3<float>::Vec3() inlined, size=3 (inline) file raytracer.cpp (59)
    651, const T1 & std::max<float>(const T1 &, const T1 &) inlined, size=3 (inline) file raytracer.cpp (210)
    653, Vec3<float>::Vec3() inlined, size=3 (inline) file raytracer.cpp (59)
    654, std::vector<Sphere, std::allocator<Sphere>>::operator [](unsigned long) const inlined, size=2 (inline) file raytracer.cpp (626)
    673, Vec3<float>::Vec3() inlined, size=3 (inline) file raytracer.cpp (59)
render(const std::vector<Sphere, std::allocator<Sphere>> &):
    693, Generating implicit copyout(image[:])
    702, Loop carried dependence of image->x prevents parallelization
         Loop carried backward dependence of image->x prevents vectorization
         Loop carried dependence of image->x prevents vectorization
    709, Loop is parallelizable
         Accelerator kernel generated
         Generating Tesla code
        702, #pragma acc loop seq
        709, #pragma acc loop gang, vector(128) /* blockIdx.x threadIdx.x */
    709, Local memory used for _T44851264_1542,raydir
    712, Vec3<float>::Vec3(float, float, float) inlined, size=3 (inline) file raytracer.cpp (61)
    720, Vec3<float>::Vec3(float) inlined, size=3 (inline) file raytracer.cpp (60)
    732, std::operator |(std::_Ios_Openmode, std::_Ios_Openmode) inlined, size=2 (inline) file raytracer.cpp (129)
    732, std::basic_ofstream<char, std::char_traits<char>>::basic_ofstream(const char *, std::_Ios_Openmode) inlined, size=21 (inline)
         626, std::basic_ios<char, std::char_traits<char>>::basic_ios() [subobject] inlined, size=11 ( inline )
                0, std::basic_ios<char, std::char_traits<char>>::basic_ios() inlined, size=7 ( inline ) file raytracer.cpp (453)
    733, std::basic_ostream<char, T1> & std::operator <<<std::char_traits<char>>(std::basic_ostream<char, T1> &, const char *) inlined, size=20 (inline) file raytracer.cpp (506)
         510, std::char_traits<char>::length(const char *) inlined, size=2 (inline) file raytracer.cpp (263)
         739, std::basic_ios<char, std::char_traits<char>>::setstate(std::_Ios_Iostate) inlined, size=8 (inline) file raytracer.cpp (148)
              148, std::basic_ios<char, std::char_traits<char>>::rdstate() const inlined, size=2 (inline) file raytracer.cpp (128)
                   733, std::basic_ostream<char, T1> & std::operator <<<std::char_traits<char>>(std::basic_ostream<char, T1> &, const char *) inlined, size=20 (inline) file raytracer.cpp (506)
                        510, std::char_traits<char>::length(const char *) inlined, size=2 (inline) file raytracer.cpp (263)
                        739, std::basic_ios<char, std::char_traits<char>>::setstate(std::_Ios_Iostate) inlined, size=8 (inline) file raytracer.cpp (148)
                             148, std::basic_ios<char, std::char_traits<char>>::rdstate() const inlined, size=2 (inline) file raytracer.cpp (128)
                                  733, std::basic_ostream<char, T1> & std::operator <<<std::char_traits<char>>(std::basic_ostream<char, T1> &, const char *) inlined, size=20 (inline) file raytracer.cpp (506)
                                       510, std::char_traits<char>::length(const char *) inlined, size=2 (inline) file raytracer.cpp (263)
                                       739, std::basic_ios<char, std::char_traits<char>>::setstate(std::_Ios_Iostate) inlined, size=8 (inline) file raytracer.cpp (148)
                                            148, std::basic_ios<char, std::char_traits<char>>::rdstate() const inlined, size=2 (inline) file raytracer.cpp (128)
                                            148, std::operator |(std::_Ios_Iostate, std::_Ios_Iostate) inlined, size=2 (inline) file raytracer.cpp (167)
                             148, std::operator |(std::_Ios_Iostate, std::_Ios_Iostate) inlined, size=2 (inline) file raytracer.cpp (167)
                   733, std::basic_ostream<char, std::char_traits<char>>::operator <<(unsigned int) inlined, size=2 (inline) file raytracer.cpp (192)
              148, std::operator |(std::_Ios_Iostate, std::_Ios_Iostate) inlined, size=2 (inline) file raytracer.cpp (167)
    733, std::basic_ostream<char, std::char_traits<char>>::operator <<(unsigned int) inlined, size=2 (inline) file raytracer.cpp (192)
    733, std::basic_ofstream<char, std::char_traits<char>>::~basic_ofstream() inlined, size=24 (inline)
           0, std::basic_ofstream<char, std::char_traits<char>>::~basic_ofstream() [subobject] inlined, size=12 (inline) file raytracer.cpp (657)
              657, std::basic_ostream<char, std::char_traits<char>>::~basic_ostream() [subobject] inlined, size=4 (inline) file raytracer.cpp (91)
         657, std::basic_ios<char, std::char_traits<char>>::~basic_ios() [subobject] inlined, size=4 (inline) file raytracer.cpp (0)
                0, std::basic_ios<char, std::char_traits<char>>::~basic_ios() inlined, size=3 (inline) file raytracer.cpp (272)
    734, Loop not vectorized/parallelized: contains call
    735, std::basic_ostream<char, T1> & std::operator <<<std::char_traits<char>>(std::basic_ostream<char, T1> &, unsigned char) inlined, size=5 (inline) file raytracer.cpp (469)
         469, std::basic_ostream<char, T1> & std::operator <<<std::char_traits<char>>(std::basic_ostream<char, T1> &, char) inlined, size=2 (inline) file raytracer.cpp (458)
              735, std::basic_ostream<char, T1> & std::operator <<<std::char_traits<char>>(std::basic_ostream<char, T1> &, unsigned char) inlined, size=5 (inline) file raytracer.cpp (469)
                   469, std::basic_ostream<char, T1> & std::operator <<<std::char_traits<char>>(std::basic_ostream<char, T1> &, char) inlined, size=2 (inline) file raytracer.cpp (458)
    735, std::basic_ofstream<char, std::char_traits<char>>::~basic_ofstream() inlined, size=24 (inline)
           0, std::basic_ofstream<char, std::char_traits<char>>::~basic_ofstream() [subobject] inlined, size=12 (inline) file raytracer.cpp (657)
              657, std::basic_ostream<char, std::char_traits<char>>::~basic_ostream() [subobject] inlined, size=4 (inline) file raytracer.cpp (91)
         657, std::basic_ios<char, std::char_traits<char>>::~basic_ios() [subobject] inlined, size=4 (inline) file raytracer.cpp (0)
                0, std::basic_ios<char, std::char_traits<char>>::~basic_ios() inlined, size=3 (inline) file raytracer.cpp (272)
         469, std::basic_ostream<char, T1> & std::operator <<<std::char_traits<char>>(std::basic_ostream<char, T1> &, char) inlined, size=2 (inline) file raytracer.cpp (458)
    748, std::basic_ofstream<char, std::char_traits<char>>::close() inlined, size=16 (inline) file raytracer.cpp (737)
         739, std::basic_ios<char, std::char_traits<char>>::setstate(std::_Ios_Iostate) inlined, size=8 ( inline ) file raytracer.cpp (148)
              148, std::basic_ios<char, std::char_traits<char>>::rdstate() const inlined, size=2 (inline) file raytracer.cpp (128)
              148, std::operator |(std::_Ios_Iostate, std::_Ios_Iostate) inlined, size=2 (inline) file raytracer.cpp (167)
    749, std::basic_ofstream<char, std::char_traits<char>>::~basic_ofstream() inlined, size=24 (inline)
           0, std::basic_ofstream<char, std::char_traits<char>>::~basic_ofstream() [subobject] inlined, size=12 (inline) file raytracer.cpp (657)
              657, std::basic_ostream<char, std::char_traits<char>>::~basic_ostream() [subobject] inlined, size=4 (inline) file raytracer.cpp (91)
         657, std::basic_ios<char, std::char_traits<char>>::~basic_ios() [subobject] inlined, size=4 (inline) file raytracer.cpp (0)
                0, std::basic_ios<char, std::char_traits<char>>::~basic_ios() inlined, size=3 (inline) file raytracer.cpp (272)
main:
    791, std::vector<Sphere, std::allocator<Sphere>>::vector() inlined, size=19 (inline) file raytracer.cpp (208)
         208, std::_Vector_base<Sphere, std::allocator<Sphere>>::_Vector_base() [subobject] inlined, size=10 (inline)
                0, std::_Vector_base<Sphere, std::allocator<Sphere>>::_Vector_base() inlined, size=5 (inline) file raytracer.cpp (105)
                     0, std::_Vector_base<Sphere, std::allocator<Sphere>>::_Vector_impl::_Vector_impl() inlined, size=3 (inline) file raytracer.cpp (82)
    793, Sphere::Sphere(const Vec3<float> &, const float &, const Vec3<float> &, const float &, const float &, const Vec3<float> &) inlined, size=8 (inline) file raytracer.cpp (227)
    793, Vec3<float>::Vec3(float) inlined, size=3 (inline) file raytracer.cpp (60)
    793, Vec3<float>::Vec3(float, float, float) inlined, size=3 (inline) file raytracer.cpp (61)
    793, std::vector<Sphere, std::allocator<Sphere>>::push_back(const Sphere &) inlined, size=26 (inline) file raytracer.cpp (734)
         737, __gnu_cxx::new_allocator<Sphere>::construct(Sphere *, const Sphere &) inlined, size=8 (inline) file raytracer.cpp (105)
               80, operator new (unsigned long, void *) inlined, size=2 (inline) file raytracer.cpp (101)
         741, std::vector<Sphere, std::allocator<Sphere>>::end() inlined, size=4 (inline) file raytracer.cpp (444)
              444, __gnu_cxx::__normal_iterator<Sphere *, std::vector<Sphere, std::allocator<Sphere>>>::__normal_iterator(Sphere *const &) inlined, size=2 (inline) file raytracer.cpp (686)
    794, Sphere::Sphere(const Vec3<float> &, const float &, const Vec3<float> &, const float &, const float &, const Vec3<float> &) inlined, size=8 (inline) file raytracer.cpp (227)
    794, Vec3<float>::Vec3(float) inlined, size=3 (inline) file raytracer.cpp (60)
    794, Vec3<float>::Vec3(float, float, float) inlined, size=3 (inline) file raytracer.cpp (61)
    794, std::vector<Sphere, std::allocator<Sphere>>::push_back(const Sphere &) inlined, size=26 (inline) file raytracer.cpp (734)
         737, __gnu_cxx::new_allocator<Sphere>::construct(Sphere *, const Sphere &) inlined, size=8 (inline) file raytracer.cpp (105)
               80, operator new (unsigned long, void *) inlined, size=2 (inline) file raytracer.cpp (101)
         741, std::vector<Sphere, std::allocator<Sphere>>::end() inlined, size=4 (inline) file raytracer.cpp (444)
              444, __gnu_cxx::__normal_iterator<Sphere *, std::vector<Sphere, std::allocator<Sphere>>>::__normal_iterator(Sphere *const &) inlined, size=2 (inline) file raytracer.cpp (686)
    795, Sphere::Sphere(const Vec3<float> &, const float &, const Vec3<float> &, const float &, const float &, const Vec3<float> &) inlined, size=8 (inline) file raytracer.cpp (227)
    795, Vec3<float>::Vec3(float) inlined, size=3 (inline) file raytracer.cpp (60)
    795, Vec3<float>::Vec3(float, float, float) inlined, size=3 (inline) file raytracer.cpp (61)
    795, std::vector<Sphere, std::allocator<Sphere>>::push_back(const Sphere &) inlined, size=26 (inline) file raytracer.cpp (734)
         737, __gnu_cxx::new_allocator<Sphere>::construct(Sphere *, const Sphere &) inlined, size=8 (inline) file raytracer.cpp (105)
               80, operator new (unsigned long, void *) inlined, size=2 (inline) file raytracer.cpp (101)
         741, std::vector<Sphere, std::allocator<Sphere>>::end() inlined, size=4 (inline) file raytracer.cpp (444)
              444, __gnu_cxx::__normal_iterator<Sphere *, std::vector<Sphere, std::allocator<Sphere>>>::__normal_iterator(Sphere *const &) inlined, size=2 (inline) file raytracer.cpp (686)
    796, Sphere::Sphere(const Vec3<float> &, const float &, const Vec3<float> &, const float &, const float &, const Vec3<float> &) inlined, size=8 (inline) file raytracer.cpp (227)
    796, Vec3<float>::Vec3(float) inlined, size=3 (inline) file raytracer.cpp (60)
    796, Vec3<float>::Vec3(float, float, float) inlined, size=3 (inline) file raytracer.cpp (61)
    796, std::vector<Sphere, std::allocator<Sphere>>::push_back(const Sphere &) inlined, size=26 (inline) file raytracer.cpp (734)
         737, __gnu_cxx::new_allocator<Sphere>::construct(Sphere *, const Sphere &) inlined, size=8 (inline) file raytracer.cpp (105)
               80, operator new (unsigned long, void *) inlined, size=2 (inline) file raytracer.cpp (101)
         741, std::vector<Sphere, std::allocator<Sphere>>::end() inlined, size=4 (inline) file raytracer.cpp (444)
              444, __gnu_cxx::__normal_iterator<Sphere *, std::vector<Sphere, std::allocator<Sphere>>>::__normal_iterator(Sphere *const &) inlined, size=2 (inline) file raytracer.cpp (686)
    797, Sphere::Sphere(const Vec3<float> &, const float &, const Vec3<float> &, const float &, const float &, const Vec3<float> &) inlined, size=8 (inline) file raytracer.cpp (227)
    797, Vec3<float>::Vec3(float) inlined, size=3 (inline) file raytracer.cpp (60)
    797, Vec3<float>::Vec3(float, float, float) inlined, size=3 (inline) file raytracer.cpp (61)
    797, std::vector<Sphere, std::allocator<Sphere>>::push_back(const Sphere &) inlined, size=26 (inline) file raytracer.cpp (734)
         737, __gnu_cxx::new_allocator<Sphere>::construct(Sphere *, const Sphere &) inlined, size=8 (inline) file raytracer.cpp (105)
               80, operator new (unsigned long, void *) inlined, size=2 (inline) file raytracer.cpp (101)
         741, std::vector<Sphere, std::allocator<Sphere>>::end() inlined, size=4 (inline) file raytracer.cpp (444)
              444, __gnu_cxx::__normal_iterator<Sphere *, std::vector<Sphere, std::allocator<Sphere>>>::__normal_iterator(Sphere *const &) inlined, size=2 (inline) file raytracer.cpp (686)
    799, Sphere::Sphere(const Vec3<float> &, const float &, const Vec3<float> &, const float &, const float &, const Vec3<float> &) inlined, size=8 (inline) file raytracer.cpp (227)
    799, Vec3<float>::Vec3(float) inlined, size=3 (inline) file raytracer.cpp (60)
    799, Vec3<float>::Vec3(float, float, float) inlined, size=3 (inline) file raytracer.cpp (61)
    799, std::vector<Sphere, std::allocator<Sphere>>::push_back(const Sphere &) inlined, size=26 (inline) file raytracer.cpp (734)
         737, __gnu_cxx::new_allocator<Sphere>::construct(Sphere *, const Sphere &) inlined, size=8 (inline) file raytracer.cpp (105)
               80, operator new (unsigned long, void *) inlined, size=2 (inline) file raytracer.cpp (101)
         741, std::vector<Sphere, std::allocator<Sphere>>::end() inlined, size=4 (inline) file raytracer.cpp (444)
              444, __gnu_cxx::__normal_iterator<Sphere *, std::vector<Sphere, std::allocator<Sphere>>>::__normal_iterator(Sphere *const &) inlined, size=2 (inline) file raytracer.cpp (686)
Vec3<float>::Vec3():
     59, Generating implicit acc routine seq
Vec3<float>::Vec3() [subobject]:
      0, Vec3<float>::Vec3() inlined, size=3 (inline) file raytracer.cpp (59)
Vec3<float>::Vec3(float):
     60, Generating implicit acc routine seq
Vec3<float>::Vec3(float) [subobject]:
      0, Vec3<float>::Vec3(float) inlined, size=3 (inline) file raytracer.cpp (60)
Vec3<float>::Vec3(float, float, float) [subobject]:
      0, Vec3<float>::Vec3(float, float, float) inlined, size=3 (inline) file raytracer.cpp (61)
Sphere::Sphere(const Vec3<float> &, const float &, const Vec3<float> &, const float &, const float &, const Vec3<float> &) [subobject]:
      0, Sphere::Sphere(const Vec3<float> &, const float &, const Vec3<float> &, const float &, const float &, const Vec3<float> &) inlined, size=8 (inline) file raytracer.cpp (227)
Sphere::intersect(const Vec3<float> &, const Vec3<float> &, float &, float &) const:
    232, Generating implicit acc routine seq
    235, Vec3<float>::Vec3() inlined, size=3 (inline) file raytracer.cpp (59)
T2 std::__copy_move_backward<(bool)0, (bool)0, std::random_access_iterator_tag>::__copy_move_b<Sphere *, Sphere *>(T1, T1, T2):
     37, include "fstream"
          40, include "istream"
               40, include "ios"
                    41, include "char_traits.h"
                         41, include "stl_algobase.h"
                             545, Loop not vectorized: data dependency
std::basic_streambuf<char, std::char_traits<char>>::~basic_streambuf() [deleting]:
      0, std::basic_streambuf<char, std::char_traits<char>>::~basic_streambuf() inlined, size=3 (inline) file raytracer.cpp (193)
std::basic_streambuf<char, std::char_traits<char>>::~basic_streambuf() [subobject]:
      0, std::basic_streambuf<char, std::char_traits<char>>::~basic_streambuf() inlined, size=3 (inline) file raytracer.cpp (193)
std::basic_ios<char, std::char_traits<char>>::setstate(std::_Ios_Iostate):
    148, std::basic_ios<char, std::char_traits<char>>::rdstate() const inlined, size=2 (inline) file raytracer.cpp (128)
    148, std::operator |(std::_Ios_Iostate, std::_Ios_Iostate) inlined, size=2 (inline) file raytracer.cpp (167)
std::basic_ios<char, std::char_traits<char>>::~basic_ios() [deleting]:
      0, std::basic_ios<char, std::char_traits<char>>::~basic_ios() inlined, size=3 (inline) file raytracer.cpp (272)
std::basic_ios<char, std::char_traits<char>>::~basic_ios() [subobject]:
      0, std::basic_ios<char, std::char_traits<char>>::~basic_ios() inlined, size=3 (inline) file raytracer.cpp (272)
std::basic_ios<char, std::char_traits<char>>::basic_ios() [subobject]:
      0, std::basic_ios<char, std::char_traits<char>>::basic_ios() inlined, size=7 (inline) file raytracer.cpp (453)
std::basic_ostream<char, std::char_traits<char>>::~basic_ostream() [deleting]:
      0, std::basic_ostream<char, std::char_traits<char>>::~basic_ostream() inlined, size=14 (inline)
         657, std::basic_ostream<char, std::char_traits<char>>::~basic_ostream() [subobject] inlined, size=4 (inline) file raytracer.cpp (91)
         657, std::basic_ios<char, std::char_traits<char>>::~basic_ios() [subobject] inlined, size=4 (inline) file raytracer.cpp (0)
                0, std::basic_ios<char, std::char_traits<char>>::~basic_ios() inlined, size=3 (inline) file raytracer.cpp (272)
std::basic_ostream<char, std::char_traits<char>>::~basic_ostream():
      0, std::basic_ostream<char, std::char_traits<char>>::~basic_ostream() [subobject] inlined, size=4 (inline) file raytracer.cpp (91)
     91, std::basic_ios<char, std::char_traits<char>>::~basic_ios() [subobject] inlined, size=4 (inline)
           0, std::basic_ios<char, std::char_traits<char>>::~basic_ios() inlined, size=3 (inline) file raytracer.cpp (272)
std::basic_ostream<char, std::char_traits<char>>::basic_ostream():
    362, std::basic_ostream<char, std::char_traits<char>>::basic_ostream() [subobject] inlined, size=6 (inline) file raytracer.cpp (362)
    362, std::basic_ios<char, std::char_traits<char>>::basic_ios() [subobject] inlined, size=11 (inline)
           0, std::basic_ios<char, std::char_traits<char>>::basic_ios() inlined, size=7 (inline) file raytracer.cpp (453)
std::basic_filebuf<char, std::char_traits<char>>::~basic_filebuf():
    215, std::basic_streambuf<char, std::char_traits<char>>::~basic_streambuf() inlined, size=3 (inline) file raytracer.cpp (193)
    215, std::basic_streambuf<char, std::char_traits<char>>::~basic_streambuf() [subobject] inlined, size=4 (inline)
           0, std::basic_streambuf<char, std::char_traits<char>>::~basic_streambuf() inlined, size=3 ( inline ) file raytracer.cpp (193)
std::basic_ofstream<char, std::char_traits<char>>::basic_ofstream(const char *, std::_Ios_Openmode) [subobject]:
    626, std::basic_ostream<char, std::char_traits<char>>::basic_ostream() [subobject] inlined, size=6 (inline) file raytracer.cpp (362)
    626, std::basic_ostream<char, std::char_traits<char>>::~basic_ostream() inlined, size=14 (inline)
         657, std::basic_ostream<char, std::char_traits<char>>::~basic_ostream() [subobject] inlined, size=4 (inline) file raytracer.cpp (91)
         657, std::basic_ios<char, std::char_traits<char>>::~basic_ios() [subobject] inlined, size=4 (inline) file raytracer.cpp (0)
                0, std::basic_ios<char, std::char_traits<char>>::~basic_ios() inlined, size=3 (inline) file raytracer.cpp (272)
    627, std::basic_ostream<char, std::char_traits<char>>::~basic_ostream() inlined, size=14 (inline)
         657, std::basic_ostream<char, std::char_traits<char>>::~basic_ostream() [subobject] inlined, size=4 (inline) file raytracer.cpp (91)
         657, std::basic_ios<char, std::char_traits<char>>::~basic_ios() [subobject] inlined, size=4 (inline) file raytracer.cpp (0)
                0, std::basic_ios<char, std::char_traits<char>>::~basic_ios() inlined, size=3 (inline) file raytracer.cpp (272)
    628, std::basic_ofstream<char, std::char_traits<char>>::open(const char *, std::_Ios_Openmode) inlined, size=22 (inline) file raytracer.cpp (698)
         699, std::operator |(std::_Ios_Openmode, std::_Ios_Openmode) inlined, size=2 ( inline ) file raytracer.cpp (129)
         700, std::basic_ios<char, std::char_traits<char>>::setstate(std::_Ios_Iostate) inlined, size=8 ( inline ) file raytracer.cpp (148)
              148, std::basic_ios<char, std::char_traits<char>>::rdstate() const inlined, size=2 ( inline ) file raytracer.cpp (128)
              148, std::operator |(std::_Ios_Iostate, std::_Ios_Iostate) inlined, size=2 ( inline ) file raytracer.cpp (167)
    628, std::basic_ostream<char, std::char_traits<char>>::~basic_ostream() inlined, size=14 (inline)
         657, std::basic_ostream<char, std::char_traits<char>>::~basic_ostream() [subobject] inlined, size=4 (inline) file raytracer.cpp (91)
         657, std::basic_ios<char, std::char_traits<char>>::~basic_ios() [subobject] inlined, size=4 (inline) file raytracer.cpp (0)
                0, std::basic_ios<char, std::char_traits<char>>::~basic_ios() inlined, size=3 (inline) file raytracer.cpp (272)
std::basic_ofstream<char, std::char_traits<char>>::basic_ofstream(const char *, std::_Ios_Openmode):
    626, std::basic_ios<char, std::char_traits<char>>::basic_ios() [subobject] inlined, size=11 (inline)
           0, std::basic_ios<char, std::char_traits<char>>::basic_ios() inlined, size=7 (inline) file raytracer.cpp (453)
std::basic_ofstream<char, std::char_traits<char>>::~basic_ofstream() [subobject]:
    657, std::basic_ostream<char, std::char_traits<char>>::~basic_ostream() [subobject] inlined, size=4 (inline) file raytracer.cpp (91)
std::basic_ofstream<char, std::char_traits<char>>::~basic_ofstream() [deleting]:
      0, std::basic_ofstream<char, std::char_traits<char>>::~basic_ofstream() inlined, size=24 (inline)
           0, std::basic_ofstream<char, std::char_traits<char>>::~basic_ofstream() [subobject] inlined, size=12 (inline) file raytracer.cpp (657)
              657, std::basic_ostream<char, std::char_traits<char>>::~basic_ostream() [subobject] inlined, size=4 (inline) file raytracer.cpp (91)
         657, std::basic_ios<char, std::char_traits<char>>::~basic_ios() [subobject] inlined, size=4 (inline) file raytracer.cpp (0)
                0, std::basic_ios<char, std::char_traits<char>>::~basic_ios() inlined, size=3 (inline) file raytracer.cpp (272)
std::basic_ofstream<char, std::char_traits<char>>::~basic_ofstream():
      0, std::basic_ofstream<char, std::char_traits<char>>::~basic_ofstream() [subobject] inlined, size=12 (inline) file raytracer.cpp (657)
         657, std::basic_ostream<char, std::char_traits<char>>::~basic_ostream() [subobject] inlined, size=4 ( inline ) file raytracer.cpp (91)
    657, std::basic_ios<char, std::char_traits<char>>::~basic_ios() [subobject] inlined, size=4 (inline)
           0, std::basic_ios<char, std::char_traits<char>>::~basic_ios() inlined, size=3 (inline) file raytracer.cpp (272)
std::basic_ofstream<char, std::char_traits<char>>::open(const char *, std::_Ios_Openmode):
    699, std::operator |(std::_Ios_Openmode, std::_Ios_Openmode) inlined, size=2 (inline) file raytracer.cpp (129)
    700, std::basic_ios<char, std::char_traits<char>>::setstate(std::_Ios_Iostate) inlined, size=8 (inline) file raytracer.cpp (148)
         148, std::basic_ios<char, std::char_traits<char>>::rdstate() const inlined, size=2 (inline) file raytracer.cpp (128)
         148, std::operator |(std::_Ios_Iostate, std::_Ios_Iostate) inlined, size=2 (inline) file raytracer.cpp (167)
std::basic_ofstream<char, std::char_traits<char>>::close():
    739, std::basic_ios<char, std::char_traits<char>>::setstate(std::_Ios_Iostate) inlined, size=8 (inline) file raytracer.cpp (148)
         148, std::basic_ios<char, std::char_traits<char>>::rdstate() const inlined, size=2 (inline) file raytracer.cpp (128)
         148, std::operator |(std::_Ios_Iostate, std::_Ios_Iostate) inlined, size=2 (inline) file raytracer.cpp (167)
std::_Vector_base<Sphere, std::allocator<Sphere>>::_Vector_base():
    105, std::_Vector_base<Sphere, std::allocator<Sphere>>::_Vector_impl::_Vector_impl() inlined, size=3 (inline) file raytracer.cpp (82)
std::_Vector_base<Sphere, std::allocator<Sphere>>::_Vector_base() [subobject]:
      0, std::_Vector_base<Sphere, std::allocator<Sphere>>::_Vector_base() inlined, size=5 (inline) file raytracer.cpp (105)
         105, std::_Vector_base<Sphere, std::allocator<Sphere>>::_Vector_impl::_Vector_impl() inlined, size=3 ( inline ) file raytracer.cpp (82)
std::_Vector_base<Sphere, std::allocator<Sphere>>::~_Vector_base():
    132, std::_Vector_base<Sphere, std::allocator<Sphere>>::_M_deallocate(Sphere *, unsigned long) inlined, size=6 (inline) file raytracer.cpp (144)
         146, __gnu_cxx::new_allocator<Sphere>::deallocate(Sphere *, unsigned long) inlined, size=2 (inline) file raytracer.cpp (95)
std::_Vector_base<Sphere, std::allocator<Sphere>>::~_Vector_base() [subobject]:
      0, std::_Vector_base<Sphere, std::allocator<Sphere>>::~_Vector_base() inlined, size=12 (inline) file raytracer.cpp (132)
         132, std::_Vector_base<Sphere, std::allocator<Sphere>>::_M_deallocate(Sphere *, unsigned long) inlined, size=6 (inline) file raytracer.cpp (144)
              146, __gnu_cxx::new_allocator<Sphere>::deallocate(Sphere *, unsigned long) inlined, size=2 (inline) file raytracer.cpp (95)
std::_Vector_base<Sphere, std::allocator<Sphere>>::_M_allocate(unsigned long):
    140, __gnu_cxx::new_allocator<Sphere>::allocate(unsigned long, const void *) inlined, size=6 (inline) file raytracer.cpp (85)
          86, __gnu_cxx::new_allocator<Sphere>::max_size() const inlined, size=1 ( inline ) file raytracer.cpp (99)
std::_Vector_base<Sphere, std::allocator<Sphere>>::_M_deallocate(Sphere *, unsigned long):
    146, __gnu_cxx::new_allocator<Sphere>::deallocate(Sphere *, unsigned long) inlined, size=2 (inline) file raytracer.cpp (95)
std::_Vector_base<Sphere, std::allocator<Sphere>>::_Vector_impl::_Vector_impl() [subobject]:
      0, std::_Vector_base<Sphere, std::allocator<Sphere>>::_Vector_impl::_Vector_impl() inlined, size=3 (inline) file raytracer.cpp (82)
std::vector<Sphere, std::allocator<Sphere>>::vector():
    208, std::_Vector_base<Sphere, std::allocator<Sphere>>::_Vector_base() [subobject] inlined, size=10 (inline)
           0, std::_Vector_base<Sphere, std::allocator<Sphere>>::_Vector_base() inlined, size=5 ( inline ) file raytracer.cpp (105)
              105, std::_Vector_base<Sphere, std::allocator<Sphere>>::_Vector_impl::_Vector_impl() inlined, size=3 ( inline ) file raytracer.cpp (82)
std::vector<Sphere, std::allocator<Sphere>>::vector() [subobject]:
      0, std::vector<Sphere, std::allocator<Sphere>>::vector() inlined, size=19 (inline) file raytracer.cpp (208)
         208, std::_Vector_base<Sphere, std::allocator<Sphere>>::_Vector_base() [subobject] inlined, size=10 (inline)
                0, std::_Vector_base<Sphere, std::allocator<Sphere>>::_Vector_base() inlined, size=5 (inline) file raytracer.cpp (105)
                     0, std::_Vector_base<Sphere, std::allocator<Sphere>>::_Vector_impl::_Vector_impl() inlined, size=3 (inline) file raytracer.cpp (82)
std::vector<Sphere, std::allocator<Sphere>>::~vector():
    313, std::_Vector_base<Sphere, std::allocator<Sphere>>::_M_get_Tp_allocator() inlined, size=2 (inline) file raytracer.cpp (94)
    313, std::_Vector_base<Sphere, std::allocator<Sphere>>::~_Vector_base() inlined, size=12 (inline) file raytracer.cpp (132)
         132, std::_Vector_base<Sphere, std::allocator<Sphere>>::_M_deallocate(Sphere *, unsigned long) inlined, size=6 (inline) file raytracer.cpp (144)
              146, __gnu_cxx::new_allocator<Sphere>::deallocate(Sphere *, unsigned long) inlined, size=2 (inline) file raytracer.cpp (95)
    313, void std::_Destroy<Sphere *, Sphere>(T1, T1, std::allocator<T2>&) inlined, size=7 (inline) file raytracer.cpp (148)
         149, void std::_Destroy<Sphere *>(T1, T1) inlined, size=3 (inline) file raytracer.cpp (120)
              123, void std::_Destroy_aux<(bool)1>::__destroy<Sphere *>(T1, T1) inlined, size=1 (inline) file raytracer.cpp (109)
    314, std::_Vector_base<Sphere, std::allocator<Sphere>>::~_Vector_base() [subobject] inlined, size=21 (inline)
           0, std::_Vector_base<Sphere, std::allocator<Sphere>>::~_Vector_base() inlined, size=12 ( inline ) file raytracer.cpp (132)
              132, std::_Vector_base<Sphere, std::allocator<Sphere>>::_M_deallocate(Sphere *, unsigned long) inlined, size=6 ( inline ) file raytracer.cpp (144)
                   146, __gnu_cxx::new_allocator<Sphere>::deallocate(Sphere *, unsigned long) inlined, size=2 (inline) file raytracer.cpp (95)
std::vector<Sphere, std::allocator<Sphere>>::begin():
    426, __gnu_cxx::__normal_iterator<Sphere *, std::vector<Sphere, std::allocator<Sphere>>>::__normal_iterator(Sphere *const &) inlined, size=2 (inline) file raytracer.cpp (686)
std::vector<Sphere, std::allocator<Sphere>>::end():
    444, __gnu_cxx::__normal_iterator<Sphere *, std::vector<Sphere, std::allocator<Sphere>>>::__normal_iterator(Sphere *const &) inlined, size=2 (inline) file raytracer.cpp (686)
std::vector<Sphere, std::allocator<Sphere>>::size() const:
     38, include "vector"
          65, include "stl_vector.h"
              533, Generating implicit acc routine seq
std::vector<Sphere, std::allocator<Sphere>>::max_size() const:
    538, __gnu_cxx::new_allocator<Sphere>::max_size() const inlined, size=1 (inline) file raytracer.cpp (99)
    538, std::_Vector_base<Sphere, std::allocator<Sphere>>::_M_get_Tp_allocator() const inlined, size=2 (inline) file raytracer.cpp (98)
std::vector<Sphere, std::allocator<Sphere>>::operator [](unsigned long) const:
     38, include "vector"
          65, include "stl_vector.h"
              626, Generating implicit acc routine seq
std::vector<Sphere, std::allocator<Sphere>>::push_back(const Sphere &):
    737, __gnu_cxx::new_allocator<Sphere>::construct(Sphere *, const Sphere &) inlined, size=8 (inline) file raytracer.cpp (105)
          80, operator new (unsigned long, void *) inlined, size=2 (inline) file raytracer.cpp (101)
    741, std::vector<Sphere, std::allocator<Sphere>>::end() inlined, size=4 (inline) file raytracer.cpp (444)
         444, __gnu_cxx::__normal_iterator<Sphere *, std::vector<Sphere, std::allocator<Sphere>>>::__normal_iterator(Sphere *const &) inlined, size=2 ( inline ) file raytracer.cpp (686)
std::vector<Sphere, std::allocator<Sphere>>::_M_insert_aux(__gnu_cxx::__normal_iterator<Sphere *, std::vector<Sphere, std::allocator<Sphere>>>, const Sphere &):
     38, include "vector"
          69, include "vector.tcc"
              321, __gnu_cxx::__normal_iterator<T1, T2>::difference_type __gnu_cxx::operator -<Sphere *, std::vector<Sphere, std::allocator<Sphere>>>(const __gnu_cxx::__normal_iterator<T1, T2>&, const __gnu_cxx::__normal_iterator<T1, T2>&) inlined, size=6 (inline) file raytracer.cpp (858)
                   858, __gnu_cxx::__normal_iterator<Sphere *, std::vector<Sphere, std::allocator<Sphere>>>::base() const inlined, size=2 ( inline ) file raytracer.cpp (751)
    301, __gnu_cxx::new_allocator<Sphere>::construct(Sphere *, const Sphere &) inlined, size=8 (inline) file raytracer.cpp (105)
          80, operator new (unsigned long, void *) inlined, size=2 (inline) file raytracer.cpp (101)
    308, T2 std::copy_backward<Sphere *, Sphere *>(T1, T1, T2) inlined, size=42 (inline) file raytracer.cpp (629)
         638, T3 std::__copy_move_backward_a2<(bool)0, Sphere *, Sphere *>(T2, T2, T3) inlined, size=21 ( inline ) file raytracer.cpp (601)
              602, T3 std::__copy_move_backward_a<(bool)0, Sphere *, Sphere *>(T2, T2, T3) inlined, size=10 ( inline ) file raytracer.cpp (583)
                   592, T2 std::__copy_move_backward<(bool)0, (bool)0, std::random_access_iterator_tag>::__copy_move_b<Sphere *, Sphere *>(T1, T1, T2) inlined, size=5 ( inline ) file raytracer.cpp (543)
              602, std::__niter_base<Sphere *, (bool)0>::__b(Sphere *) inlined, size=1 ( inline ) file raytracer.cpp (270)
         638, std::__miter_base<Sphere *, (bool)0>::__b(Sphere *) inlined, size=1 ( inline ) file raytracer.cpp (288)
    308, __gnu_cxx::__normal_iterator<Sphere *, std::vector<Sphere, std::allocator<Sphere>>>::base() const inlined, size=2 (inline) file raytracer.cpp (751)
    312, __gnu_cxx::__normal_iterator<Sphere *, std::vector<Sphere, std::allocator<Sphere>>>::operator *() const inlined, size=2 (inline) file raytracer.cpp (699)
    319, std::vector<Sphere, std::allocator<Sphere>>::_M_check_len(unsigned long, const char *) const inlined, size=52 (inline) file raytracer.cpp (1135)
        1136, std::vector<Sphere, std::allocator<Sphere>>::max_size() const inlined, size=5 ( inline ) file raytracer.cpp (538)
              538, __gnu_cxx::new_allocator<Sphere>::max_size() const inlined, size=1 ( inline ) file raytracer.cpp (99)
              538, std::_Vector_base<Sphere, std::allocator<Sphere>>::_M_get_Tp_allocator() const inlined, size=2 ( inline ) file raytracer.cpp (98)
        1136, std::vector<Sphere, std::allocator<Sphere>>::size() const inlined, size=3 ( inline ) file raytracer.cpp (533)
        1139, const T1 & std::max<unsigned long>(const T1 &, const T1 &) inlined, size=3 ( inline ) file raytracer.cpp (210)
        1139, std::vector<Sphere, std::allocator<Sphere>>::size() const inlined, size=3 ( inline ) file raytracer.cpp (533)
        1140, std::vector<Sphere, std::allocator<Sphere>>::max_size() const inlined, size=5 ( inline ) file raytracer.cpp (538)
              538, __gnu_cxx::new_allocator<Sphere>::max_size() const inlined, size=1 (inline) file raytracer.cpp (99)
              538, std::_Vector_base<Sphere, std::allocator<Sphere>>::_M_get_Tp_allocator() const inlined, size=2 (inline) file raytracer.cpp (98)
        1140, std::vector<Sphere, std::allocator<Sphere>>::size() const inlined, size=3 ( inline ) file raytracer.cpp (533)
              538, __gnu_cxx::new_allocator<Sphere>::max_size() const inlined, size=1 (inline) file raytracer.cpp (99)
              538, std::_Vector_base<Sphere, std::allocator<Sphere>>::_M_get_Tp_allocator() const inlined, size=2 (inline) file raytracer.cpp (98)
    321, std::vector<Sphere, std::allocator<Sphere>>::begin() inlined, size=4 (inline) file raytracer.cpp (426)
         426, __gnu_cxx::__normal_iterator<Sphere *, std::vector<Sphere, std::allocator<Sphere>>>::__normal_iterator(Sphere *const &) inlined, size=2 ( inline ) file raytracer.cpp (686)
    322, std::_Vector_base<Sphere, std::allocator<Sphere>>::_M_allocate(unsigned long) inlined, size=13 (inline) file raytracer.cpp (140)
         140, __gnu_cxx::new_allocator<Sphere>::allocate(unsigned long, const void *) inlined, size=6 ( inline ) file raytracer.cpp (85)
               86, __gnu_cxx::new_allocator<Sphere>::max_size() const inlined, size=1 ( inline ) file raytracer.cpp (99)
    330, __gnu_cxx::new_allocator<Sphere>::construct(Sphere *, const Sphere &) inlined, size=8 (inline) file raytracer.cpp (105)
          80, operator new (unsigned long, void *) inlined, size=2 (inline) file raytracer.cpp (101)
    338, T2 std::__uninitialized_move_a<Sphere *, Sphere *, std::allocator<Sphere>>(T1, T1, T2, T3 &) inlined, size=11 (inline) file raytracer.cpp (263)
         264, T2 std::__uninitialized_copy_a<Sphere *, Sphere *, Sphere>(T1, T1, T2, std::allocator<T3>&) inlined, size=6 (inline) file raytracer.cpp (256)
              256, T2 std::uninitialized_copy<Sphere *, Sphere *>(T1, T1, T2) inlined, size=3 (inline) file raytracer.cpp (108)
    338, __gnu_cxx::__normal_iterator<Sphere *, std::vector<Sphere, std::allocator<Sphere>>>::base() const inlined, size=2 (inline) file raytracer.cpp (751)
    338, std::_Vector_base<Sphere, std::allocator<Sphere>>::_M_get_Tp_allocator() inlined, size=2 (inline) file raytracer.cpp (94)
    344, T2 std::__uninitialized_move_a<Sphere *, Sphere *, std::allocator<Sphere>>(T1, T1, T2, T3 &) inlined, size=11 (inline) file raytracer.cpp (263)
         264, T2 std::__uninitialized_copy_a<Sphere *, Sphere *, Sphere>(T1, T1, T2, std::allocator<T3>&) inlined, size=6 (inline) file raytracer.cpp (256)
              256, T2 std::uninitialized_copy<Sphere *, Sphere *>(T1, T1, T2) inlined, size=3 (inline) file raytracer.cpp (108)
    344, __gnu_cxx::__normal_iterator<Sphere *, std::vector<Sphere, std::allocator<Sphere>>>::base() const inlined, size=2 (inline) file raytracer.cpp (751)
    344, std::_Vector_base<Sphere, std::allocator<Sphere>>::_M_get_Tp_allocator() inlined, size=2 (inline) file raytracer.cpp (94)
    353, __gnu_cxx::new_allocator<Sphere>::destroy(Sphere *) inlined, size=2 (inline) file raytracer.cpp (115)
    355, std::_Vector_base<Sphere, std::allocator<Sphere>>::_M_get_Tp_allocator() inlined, size=2 (inline) file raytracer.cpp (94)
    355, void std::_Destroy<Sphere *, Sphere>(T1, T1, std::allocator<T2>&) inlined, size=7 (inline) file raytracer.cpp (148)
         149, void std::_Destroy<Sphere *>(T1, T1) inlined, size=3 (inline) file raytracer.cpp (120)
              123, void std::_Destroy_aux<(bool)1>::__destroy<Sphere *>(T1, T1) inlined, size=1 (inline) file raytracer.cpp (109)
    356, std::_Vector_base<Sphere, std::allocator<Sphere>>::_M_deallocate(Sphere *, unsigned long) inlined, size=6 (inline) file raytracer.cpp (144)
         146, __gnu_cxx::new_allocator<Sphere>::deallocate(Sphere *, unsigned long) inlined, size=2 (inline) file raytracer.cpp (95)
    359, std::_Vector_base<Sphere, std::allocator<Sphere>>::_M_get_Tp_allocator() inlined, size=2 (inline) file raytracer.cpp (94)
    359, void std::_Destroy<Sphere *, Sphere>(T1, T1, std::allocator<T2>&) inlined, size=7 (inline) file raytracer.cpp (148)
         149, void std::_Destroy<Sphere *>(T1, T1) inlined, size=3 (inline) file raytracer.cpp (120)
              123, void std::_Destroy_aux<(bool)1>::__destroy<Sphere *>(T1, T1) inlined, size=1 (inline) file raytracer.cpp (109)
std::vector<Sphere, std::allocator<Sphere>>::_M_check_len(unsigned long, const char *) const:
     38, include "vector"
          65, include "stl_vector.h"
             1136, std::vector<Sphere, std::allocator<Sphere>>::size() const inlined, size=3 (inline) file raytracer.cpp (533)
             1140, std::vector<Sphere, std::allocator<Sphere>>::max_size() const inlined, size=5 (inline) file raytracer.cpp (538)
                   538, __gnu_cxx::new_allocator<Sphere>::max_size() const inlined, size=1 (inline) file raytracer.cpp (99)
                   538, std::_Vector_base<Sphere, std::allocator<Sphere>>::_M_get_Tp_allocator() const inlined, size=2 (inline) file raytracer.cpp (98)
          69, include "vector.tcc"
   1136, std::vector<Sphere, std::allocator<Sphere>>::max_size() const inlined, size=5 (inline) file raytracer.cpp (538)
         538, __gnu_cxx::new_allocator<Sphere>::max_size() const inlined, size=1 (inline) file raytracer.cpp (99)
         538, std::_Vector_base<Sphere, std::allocator<Sphere>>::_M_get_Tp_allocator() const inlined, size=2 (inline) file raytracer.cpp (98)
   1139, const T1 & std::max<unsigned long>(const T1 &, const T1 &) inlined, size=3 (inline) file raytracer.cpp (210)
   1139, std::vector<Sphere, std::allocator<Sphere>>::size() const inlined, size=3 (inline) file raytracer.cpp (533)
   1140, std::vector<Sphere, std::allocator<Sphere>>::max_size() const inlined, size=5 (inline) file raytracer.cpp (538)
         538, __gnu_cxx::new_allocator<Sphere>::max_size() const inlined, size=1 (inline) file raytracer.cpp (99)
         538, std::_Vector_base<Sphere, std::allocator<Sphere>>::_M_get_Tp_allocator() const inlined, size=2 (inline) file raytracer.cpp (98)
   1140, std::vector<Sphere, std::allocator<Sphere>>::size() const inlined, size=3 (inline) file raytracer.cpp (533)
T2 std::__uninitialized_copy<(bool)0>::uninitialized_copy<Sphere *, Sphere *>(T1, T1, T2):
     74, void std::_Construct<Sphere, Sphere>(T1 *, const T2 &) inlined, size=8 (inline) file raytracer.cpp (77)
          80, operator new (unsigned long, void *) inlined, size=2 ( inline ) file raytracer.cpp (101)
     79, void std::_Destroy<Sphere *>(T1, T1) inlined, size=3 (inline) file raytracer.cpp (120)
         123, void std::_Destroy_aux<(bool)1>::__destroy<Sphere *>(T1, T1) inlined, size=1 (inline) file raytracer.cpp (109)
__gnu_cxx::new_allocator<Sphere>::allocate(unsigned long, const void *):
     86, __gnu_cxx::new_allocator<Sphere>::max_size() const inlined, size=1 (inline) file raytracer.cpp (99)
__gnu_cxx::new_allocator<Sphere>::construct(Sphere *, const Sphere &):
    105, operator new (unsigned long, void *) inlined, size=2 (inline) file raytracer.cpp (101)
__gnu_cxx::__normal_iterator<Sphere *, std::vector<Sphere, std::allocator<Sphere>>>::__normal_iterator(Sphere *const &) [subobject]:
      0, __gnu_cxx::__normal_iterator<Sphere *, std::vector<Sphere, std::allocator<Sphere>>>::__normal_iterator(Sphere *const &) inlined, size=2 (inline) file raytracer.cpp (686)
std::basic_ostream<char, T1> & std::operator <<<std::char_traits<char>>(std::basic_ostream<char, T1> &, unsigned char):
    469, std::basic_ostream<char, T1> & std::operator <<<std::char_traits<char>>(std::basic_ostream<char, T1> &, char) inlined, size=2 (inline) file raytracer.cpp (458)
std::basic_ostream<char, T1> & std::operator <<<std::char_traits<char>>(std::basic_ostream<char, T1> &, const char *):
    508, std::basic_ios<char, std::char_traits<char>>::setstate(std::_Ios_Iostate) inlined, size=8 (inline) file raytracer.cpp (148)
         148, std::basic_ios<char, std::char_traits<char>>::rdstate() const inlined, size=2 (inline) file raytracer.cpp (128)
         148, std::operator |(std::_Ios_Iostate, std::_Ios_Iostate) inlined, size=2 (inline) file raytracer.cpp (167)
    510, std::char_traits<char>::length(const char *) inlined, size=2 (inline) file raytracer.cpp (263)
const T1 & std::max<float>(const T1 &, const T1 &):
     37, include "fstream"
          40, include "istream"
               40, include "ios"
                    41, include "char_traits.h"
                         41, include "stl_algobase.h"
                             210, Generating implicit acc routine seq
void std::_Destroy<Sphere *, Sphere>(T1, T1, std::allocator<T2>&):
    149, void std::_Destroy<Sphere *>(T1, T1) inlined, size=3 (inline) file raytracer.cpp (120)
         123, void std::_Destroy_aux<(bool)1>::__destroy<Sphere *>(T1, T1) inlined, size=1 (inline) file raytracer.cpp (109)
void std::_Destroy<Sphere *>(T1, T1):
    123, void std::_Destroy_aux<(bool)1>::__destroy<Sphere *>(T1, T1) inlined, size=1 (inline) file raytracer.cpp (109)
T2 std::copy_backward<Sphere *, Sphere *>(T1, T1, T2):
    638, T3 std::__copy_move_backward_a2<(bool)0, Sphere *, Sphere *>(T2, T2, T3) inlined, size=21 (inline) file raytracer.cpp (601)
         602, T3 std::__copy_move_backward_a<(bool)0, Sphere *, Sphere *>(T2, T2, T3) inlined, size=10 ( inline ) file raytracer.cpp (583)
              592, T2 std::__copy_move_backward<(bool)0, (bool)0, std::random_access_iterator_tag>::__copy_move_b<Sphere *, Sphere *>(T1, T1, T2) inlined, size=5 ( inline ) file raytracer.cpp (543)
         602, std::__niter_base<Sphere *, (bool)0>::__b(Sphere *) inlined, size=1 ( inline ) file raytracer.cpp (270)
         602, Loop not vectorized: data dependency
              Loop unrolled 2 times
    638, std::__miter_base<Sphere *, (bool)0>::__b(Sphere *) inlined, size=1 (inline) file raytracer.cpp (288)
T3 std::__copy_move_backward_a2<(bool)0, Sphere *, Sphere *>(T2, T2, T3):
    602, T3 std::__copy_move_backward_a<(bool)0, Sphere *, Sphere *>(T2, T2, T3) inlined, size=10 (inline) file raytracer.cpp (583)
         592, T2 std::__copy_move_backward<(bool)0, (bool)0, std::random_access_iterator_tag>::__copy_move_b<Sphere *, Sphere *>(T1, T1, T2) inlined, size=5 ( inline ) file raytracer.cpp (543)
         592, Loop not vectorized: data dependency
              Loop unrolled 2 times
    602, std::__niter_base<Sphere *, (bool)0>::__b(Sphere *) inlined, size=1 (inline) file raytracer.cpp (270)
T3 std::__copy_move_backward_a<(bool)0, Sphere *, Sphere *>(T2, T2, T3):
    592, T2 std::__copy_move_backward<(bool)0, (bool)0, std::random_access_iterator_tag>::__copy_move_b<Sphere *, Sphere *>(T1, T1, T2) inlined, size=5 (inline) file raytracer.cpp (543)
         545, Loop not vectorized: data dependency
              Loop unrolled 2 times
T2 std::__uninitialized_move_a<Sphere *, Sphere *, std::allocator<Sphere>>(T1, T1, T2, T3 &):
    264, T2 std::__uninitialized_copy_a<Sphere *, Sphere *, Sphere>(T1, T1, T2, std::allocator<T3>&) inlined, size=6 (inline) file raytracer.cpp (256)
         256, T2 std::uninitialized_copy<Sphere *, Sphere *>(T1, T1, T2) inlined, size=3 ( inline ) file raytracer.cpp (108)
T2 std::__uninitialized_copy_a<Sphere *, Sphere *, Sphere>(T1, T1, T2, std::allocator<T3>&):
    256, T2 std::uninitialized_copy<Sphere *, Sphere *>(T1, T1, T2) inlined, size=3 (inline) file raytracer.cpp (108)
void std::_Construct<Sphere, Sphere>(T1 *, const T2 &):
     80, operator new (unsigned long, void *) inlined, size=2 (inline) file raytracer.cpp (101)
__gnu_cxx::__normal_iterator<T1, T2>::difference_type __gnu_cxx::operator -<Sphere *, std::vector<Sphere, std::allocator<Sphere>>>(const __gnu_cxx::__normal_iterator<T1, T2>&, const __gnu_cxx::__normal_iterator<T1, T2>&):
    858, __gnu_cxx::__normal_iterator<Sphere *, std::vector<Sphere, std::allocator<Sphere>>>::base() const inlined, size=2 (inline) file raytracer.cpp (751)
nvlink warning : Stack size for entry function '_Z6renderRKSt6vectorI6SphereSaIS0_EE_709_gpu' cannot be statically determined
nvlink warning : Stack size for entry function '_Z6renderRKSt6vectorI6SphereSaIS0_EE_709_gpu' cannot be statically determined
nvlink warning : Stack size for entry function '_Z6renderRKSt6vectorI6SphereSaIS0_EE_709_gpu' cannot be statically determined
